  Vector.cpp
C:\work\ComputationalGeometry\ComputationalGeometry\Core\Base\Core.h(53,25): warning C4244: 'return': 'double'에서 'float'(으)로 변환하면서 데이터가 손실될 수 있습니다.
  Line.cpp
C:\work\ComputationalGeometry\ComputationalGeometry\Core\Base\Core.h(53,25): warning C4244: 'return': 'double'에서 'float'(으)로 변환하면서 데이터가 손실될 수 있습니다.
C:\work\ComputationalGeometry\ComputationalGeometry\Core\Base\Vector.h(191,1): warning C4244: '+=': 'double'에서 'float'(으)로 변환하면서 데이터가 손실될 수 있습니다.
C:\work\ComputationalGeometry\ComputationalGeometry\Core\Base\Vector.h(188): message : 클래스 템플릿 멤버 함수 'float jmk::Vector<float,2>::magnitude(void) const'을(를) 컴파일하는 중입니다.
C:\work\ComputationalGeometry\ComputationalGeometry\Core\Base\Vector.h(200): message : 컴파일되는 함수 템플릿 인스턴스화 'float jmk::Vector<float,2>::magnitude(void) const'에 대한 참조를 확인하세요.
C:\work\ComputationalGeometry\ComputationalGeometry\Core\Base\Vector.h(166): message : 클래스 템플릿 멤버 함수 'coordinate_type jmk::Vector<coordinate_type,2>::operator [](const unsigned int) const'을(를) 컴파일하는 중입니다.
          with
          [
              coordinate_type=float
          ]
C:\work\ComputationalGeometry\ComputationalGeometry\Core\Primitives\Line.h(44): message : 컴파일되는 함수 템플릿 인스턴스화 'coordinate_type jmk::Vector<coordinate_type,2>::operator [](const unsigned int) const'에 대한 참조를 확인하세요.
          with
          [
              coordinate_type=float
          ]
C:\work\ComputationalGeometry\ComputationalGeometry\Core\Primitives\Point.h(10): message : 컴파일되는 클래스 템플릿 인스턴스화 'jmk::Vector<float,2>'에 대한 참조를 확인하세요.
  Point.cpp
C:\work\ComputationalGeometry\ComputationalGeometry\Core\Base\Core.h(53,25): warning C4244: 'return': 'double'에서 'float'(으)로 변환하면서 데이터가 손실될 수 있습니다.
  Polygon.cpp
C:\work\ComputationalGeometry\ComputationalGeometry\Core\Base\Core.h(53,25): warning C4244: 'return': 'double'에서 'float'(으)로 변환하면서 데이터가 손실될 수 있습니다.
C:\work\ComputationalGeometry\ComputationalGeometry\Core\Base\Vector.h(191,1): warning C4244: '+=': 'double'에서 'float'(으)로 변환하면서 데이터가 손실될 수 있습니다.
C:\work\ComputationalGeometry\ComputationalGeometry\Core\Base\Vector.h(188): message : 클래스 템플릿 멤버 함수 'float jmk::Vector<float,2>::magnitude(void) const'을(를) 컴파일하는 중입니다.
C:\work\ComputationalGeometry\ComputationalGeometry\Core\Base\Vector.h(200): message : 컴파일되는 함수 템플릿 인스턴스화 'float jmk::Vector<float,2>::magnitude(void) const'에 대한 참조를 확인하세요.
C:\work\ComputationalGeometry\ComputationalGeometry\Core\Base\Vector.h(166): message : 클래스 템플릿 멤버 함수 'coordinate_type jmk::Vector<coordinate_type,2>::operator [](const unsigned int) const'을(를) 컴파일하는 중입니다.
          with
          [
              coordinate_type=float
          ]
C:\work\ComputationalGeometry\ComputationalGeometry\Core\Primitives\Line.h(44): message : 컴파일되는 함수 템플릿 인스턴스화 'coordinate_type jmk::Vector<coordinate_type,2>::operator [](const unsigned int) const'에 대한 참조를 확인하세요.
          with
          [
              coordinate_type=float
          ]
C:\work\ComputationalGeometry\ComputationalGeometry\Core\Primitives\Point.h(10): message : 컴파일되는 클래스 템플릿 인스턴스화 'jmk::Vector<float,2>'에 대한 참조를 확인하세요.
  코드를 생성하고 있습니다...
  ComputationalGeometry.vcxproj -> C:\work\ComputationalGeometry\ComputationalGeometry\Debug\ComputationalGeometry.exe
